<?xml version="1.0" encoding="UTF-8"?>
<testsuite xmlns:xsi="http://www.w3.org/2001/XMLSchema-instance" xsi:noNamespaceSchemaLocation="https://maven.apache.org/surefire/maven-surefire-plugin/xsd/surefire-test-report-3.0.xsd" version="3.0" name="com.hotelapp.dao.RoomDAOTest" time="0.474" tests="1" errors="0" skipped="0" failures="0">
  <properties>
[...]
</properties>
  <testcase name="roomsShouldNotBeEmptyAfterSeed" classname="com.hotelapp.dao.RoomDAOTest" time="0.035">
    <system-err><![CDATA[[main] INFO com.hotelapp.database.Database - Инициализация базы данных: jdbc:sqlite:hotel.db
[main] INFO com.hotelapp.database.Database - База данных успешно инициализирована
]]></system-err>
  </testcase>
</testsuite>